Arguments: 
  C:\Program Files\nodejs\node.exe C:\Users\star\AppData\Roaming\npm\node_modules\yarn\bin\yarn.js add nuxt

PATH: 
  C:\WINDOWS\system32;C:\WINDOWS;C:\WINDOWS\System32\Wbem;C:\WINDOWS\System32\WindowsPowerShell\v1.0\;C:\WINDOWS\System32\OpenSSH\;C:\Program Files\Git\cmd;C:\Program Files\nodejs\;D:\python;C:\Users\star\AppData\Local\Microsoft\WindowsApps;D:\VS\Microsoft VS Code\bin;C:\Users\star\AppData\Roaming\npm;C:\Users\star\AppData\Local\Yarn\bin;

Yarn version: 
  1.22.10

Node version: 
  14.16.0

Platform: 
  win32 x64

Trace: 
  Error: getaddrinfo ENOTFOUND registry.npm.taobao.org
      at GetAddrInfoReqWrap.onlookup [as oncomplete] (dns.js:67:26)

npm manifest: 
  {
    "name": "realwork-nuxtjs",
    "version": "1.0.0",
    "description": "",
    "main": "index.js",
    "scripts": {
      "test": "echo \"Error: no test specified\" && exit 1"
    },
    "keywords": [],
    "author": "",
    "license": "ISC"
  }

yarn manifest: 
  No manifest

Lockfile: 
  No lockfile
